[debug] [2024-07-08T16:54:28.189Z] ----------------------------------------------------------------------
[debug] [2024-07-08T16:54:28.191Z] Command:       /usr/local/bin/node /opt/homebrew/bin/firebase init
[debug] [2024-07-08T16:54:28.191Z] CLI Version:   13.11.3
[debug] [2024-07-08T16:54:28.191Z] Platform:      darwin
[debug] [2024-07-08T16:54:28.191Z] Node Version:  v20.14.0
[debug] [2024-07-08T16:54:28.191Z] Time:          Mon Jul 08 2024 12:54:28 GMT-0400 (Eastern Daylight Time)
[debug] [2024-07-08T16:54:28.191Z] ----------------------------------------------------------------------
[debug] 
[debug] [2024-07-08T16:54:28.194Z] > command requires scopes: ["email","openid","https://www.googleapis.com/auth/cloudplatformprojects.readonly","https://www.googleapis.com/auth/firebase","https://www.googleapis.com/auth/cloud-platform"]
[debug] [2024-07-08T16:54:28.194Z] > authorizing via signed-in user (justin@mygraphicscode.com)
[info] 
     ######## #### ########  ######## ########     ###     ######  ########
     ##        ##  ##     ## ##       ##     ##  ##   ##  ##       ##
     ######    ##  ########  ######   ########  #########  ######  ######
     ##        ##  ##    ##  ##       ##     ## ##     ##       ## ##
     ##       #### ##     ## ######## ########  ##     ##  ######  ########

You're about to initialize a Firebase project in this directory:

  /Users/justinrussell/Downloads/Nazox_Vue_v1.1.0

[info] 
=== Project Setup
[info] 
[info] First, let's associate this project directory with a Firebase project.
[info] You can create multiple project aliases by running firebase use --add, 
[info] but for now we'll just set up a default project.
[info] 
[debug] [2024-07-08T16:54:32.448Z] >>> [apiv2][query] GET https://firebase.googleapis.com/v1beta1/projects pageSize=100
[debug] [2024-07-08T16:54:32.803Z] <<< [apiv2][status] GET https://firebase.googleapis.com/v1beta1/projects 200
[debug] [2024-07-08T16:54:32.804Z] <<< [apiv2][body] GET https://firebase.googleapis.com/v1beta1/projects [omitted]
[info] i  Using project aiden-15ce5 (Aiden) 
[info] 
=== Database Setup
[info] i  database: ensuring required API firebasedatabase.googleapis.com is enabled... 
[debug] [2024-07-08T16:54:34.188Z] >>> [apiv2][query] GET https://serviceusage.googleapis.com/v1/projects/aiden-15ce5/services/firebasedatabase.googleapis.com [none]
[debug] [2024-07-08T16:54:34.188Z] >>> [apiv2][(partial)header] GET https://serviceusage.googleapis.com/v1/projects/aiden-15ce5/services/firebasedatabase.googleapis.com x-goog-quota-user=projects/aiden-15ce5
[debug] [2024-07-08T16:54:34.540Z] <<< [apiv2][status] GET https://serviceusage.googleapis.com/v1/projects/aiden-15ce5/services/firebasedatabase.googleapis.com 200
[debug] [2024-07-08T16:54:34.541Z] <<< [apiv2][body] GET https://serviceusage.googleapis.com/v1/projects/aiden-15ce5/services/firebasedatabase.googleapis.com [omitted]
[info] ✔  database: required API firebasedatabase.googleapis.com is enabled 
[info] 
[debug] [2024-07-08T16:54:34.542Z] >>> [apiv2][query] GET https://firebasedatabase.googleapis.com/v1beta/projects/aiden-15ce5/locations/-/instances/aiden-15ce5-default-rtdb [none]
[debug] [2024-07-08T16:54:34.823Z] <<< [apiv2][status] GET https://firebasedatabase.googleapis.com/v1beta/projects/aiden-15ce5/locations/-/instances/aiden-15ce5-default-rtdb 200
[debug] [2024-07-08T16:54:34.823Z] <<< [apiv2][body] GET https://firebasedatabase.googleapis.com/v1beta/projects/aiden-15ce5/locations/-/instances/aiden-15ce5-default-rtdb {"name":"projects/179611194323/locations/us-central1/instances/aiden-15ce5-default-rtdb","project":"projects/179611194323","databaseUrl":"https://aiden-15ce5-default-rtdb.firebaseio.com","type":"DEFAULT_DATABASE","state":"ACTIVE"}
[info] 
[info] Firebase Realtime Database Security Rules allow you to define how your data should be
[info] structured and when your data can be read from and written to.
[info] 
[debug] [2024-07-08T16:54:36.044Z] >>> [apiv2][query] GET https://aiden-15ce5-default-rtdb.firebaseio.com/.settings/rules.json [none]
[debug] [2024-07-08T16:54:36.180Z] <<< [apiv2][status] GET https://aiden-15ce5-default-rtdb.firebaseio.com/.settings/rules.json 200
[debug] [2024-07-08T16:54:36.181Z] <<< [apiv2][body] GET https://aiden-15ce5-default-rtdb.firebaseio.com/.settings/rules.json [stream]
[info] ✔  Database Rules for aiden-15ce5-default-rtdb have been written to database.rules.json. 
[info] Future modifications to database.rules.json will update Realtime Database Security Rules when you run
[info] firebase deploy.
[info] 
=== Firestore Setup
[debug] [2024-07-08T16:54:36.183Z] >>> [apiv2][query] GET https://serviceusage.googleapis.com/v1/projects/aiden-15ce5/services/firestore.googleapis.com [none]
[debug] [2024-07-08T16:54:36.184Z] >>> [apiv2][(partial)header] GET https://serviceusage.googleapis.com/v1/projects/aiden-15ce5/services/firestore.googleapis.com x-goog-quota-user=projects/aiden-15ce5
[debug] [2024-07-08T16:54:36.379Z] <<< [apiv2][status] GET https://serviceusage.googleapis.com/v1/projects/aiden-15ce5/services/firestore.googleapis.com 200
[debug] [2024-07-08T16:54:36.380Z] <<< [apiv2][body] GET https://serviceusage.googleapis.com/v1/projects/aiden-15ce5/services/firestore.googleapis.com [omitted]
[debug] [2024-07-08T16:54:36.380Z] >>> [apiv2][query] GET https://firestore.googleapis.com/v1/projects/aiden-15ce5/databases/(default) [none]
[debug] [2024-07-08T16:54:36.601Z] <<< [apiv2][status] GET https://firestore.googleapis.com/v1/projects/aiden-15ce5/databases/(default) 200
[debug] [2024-07-08T16:54:36.601Z] <<< [apiv2][body] GET https://firestore.googleapis.com/v1/projects/aiden-15ce5/databases/(default) {"name":"projects/aiden-15ce5/databases/(default)","uid":"52b389b9-4bce-4eaf-8f2e-a8febdc2dce5","createTime":"2024-06-11T07:51:47.763853Z","updateTime":"2024-06-11T07:51:47.763853Z","locationId":"nam5","type":"FIRESTORE_NATIVE","concurrencyMode":"PESSIMISTIC","versionRetentionPeriod":"3600s","earliestVersionTime":"2024-07-08T15:54:36.590272Z","appEngineIntegrationMode":"DISABLED","keyPrefix":"s","pointInTimeRecoveryEnablement":"POINT_IN_TIME_RECOVERY_DISABLED","deleteProtectionState":"DELETE_PROTECTION_DISABLED","etag":"IL2UqKX0l4cDMMOm9Zy6/YYD"}
[debug] [2024-07-08T16:54:36.601Z] database_type: FIRESTORE_NATIVE
[debug] [2024-07-08T16:54:36.602Z] > command requires scopes: ["email","openid","https://www.googleapis.com/auth/cloudplatformprojects.readonly","https://www.googleapis.com/auth/firebase","https://www.googleapis.com/auth/cloud-platform"]
[debug] [2024-07-08T16:54:36.602Z] > authorizing via signed-in user (justin@mygraphicscode.com)
[debug] [2024-07-08T16:54:36.602Z] [iam] checking project aiden-15ce5 for permissions ["firebase.projects.get"]
[debug] [2024-07-08T16:54:36.602Z] >>> [apiv2][query] POST https://cloudresourcemanager.googleapis.com/v1/projects/aiden-15ce5:testIamPermissions [none]
[debug] [2024-07-08T16:54:36.602Z] >>> [apiv2][(partial)header] POST https://cloudresourcemanager.googleapis.com/v1/projects/aiden-15ce5:testIamPermissions x-goog-quota-user=projects/aiden-15ce5
[debug] [2024-07-08T16:54:36.602Z] >>> [apiv2][body] POST https://cloudresourcemanager.googleapis.com/v1/projects/aiden-15ce5:testIamPermissions {"permissions":["firebase.projects.get"]}
[debug] [2024-07-08T16:54:36.799Z] <<< [apiv2][status] POST https://cloudresourcemanager.googleapis.com/v1/projects/aiden-15ce5:testIamPermissions 200
[debug] [2024-07-08T16:54:36.799Z] <<< [apiv2][body] POST https://cloudresourcemanager.googleapis.com/v1/projects/aiden-15ce5:testIamPermissions {"permissions":["firebase.projects.get"]}
[info] 
[info] Firestore Security Rules allow you to define how and when to allow
[info] requests. You can keep these rules in your project directory
[info] and publish them with firebase deploy.
[info] 
[debug] [2024-07-08T16:54:37.290Z] >>> [apiv2][query] GET https://firebaserules.googleapis.com/v1/projects/aiden-15ce5/releases pageSize=10&pageToken=
[debug] [2024-07-08T16:54:37.464Z] <<< [apiv2][status] GET https://firebaserules.googleapis.com/v1/projects/aiden-15ce5/releases 200
[debug] [2024-07-08T16:54:37.465Z] <<< [apiv2][body] GET https://firebaserules.googleapis.com/v1/projects/aiden-15ce5/releases {"releases":[{"name":"projects/aiden-15ce5/releases/cloud.firestore","rulesetName":"projects/aiden-15ce5/rulesets/ee3efabe-dfcf-4987-8c29-14b22a250661","createTime":"2024-06-11T07:51:49.385993Z","updateTime":"2024-06-11T07:51:49.385993Z"},{"name":"projects/aiden-15ce5/releases/firebase.storage/aiden-15ce5.appspot.com","rulesetName":"projects/aiden-15ce5/rulesets/38c76e64-b281-4b4f-ab03-4444e87ccc63","createTime":"2024-06-11T08:05:40.566824Z","updateTime":"2024-06-11T08:05:40.566824Z"}]}
[debug] [2024-07-08T16:54:37.465Z] Found ruleset: projects/aiden-15ce5/rulesets/ee3efabe-dfcf-4987-8c29-14b22a250661
[debug] [2024-07-08T16:54:37.465Z] >>> [apiv2][query] GET https://firebaserules.googleapis.com/v1/projects/aiden-15ce5/rulesets/ee3efabe-dfcf-4987-8c29-14b22a250661 [none]
[debug] [2024-07-08T16:54:37.539Z] <<< [apiv2][status] GET https://firebaserules.googleapis.com/v1/projects/aiden-15ce5/rulesets/ee3efabe-dfcf-4987-8c29-14b22a250661 200
[debug] [2024-07-08T16:54:37.539Z] <<< [apiv2][body] GET https://firebaserules.googleapis.com/v1/projects/aiden-15ce5/rulesets/ee3efabe-dfcf-4987-8c29-14b22a250661 [omitted]
[info] 
[info] Firestore indexes allow you to perform complex queries while
[info] maintaining performance that scales with the size of the result
[info] set. You can keep index definitions in your project directory
[info] and publish them with firebase deploy.
[info] 
[debug] [2024-07-08T16:54:38.052Z] >>> [apiv2][query] GET https://firestore.googleapis.com/v1/projects/aiden-15ce5/databases/(default)/collectionGroups/-/indexes [none]
[debug] [2024-07-08T16:54:38.053Z] >>> [apiv2][query] GET https://firestore.googleapis.com/v1/projects/aiden-15ce5/databases/(default)/collectionGroups/-/fields?filter=indexConfig.usesAncestorConfig=false OR ttlConfig:* [none]
[debug] [2024-07-08T16:54:38.159Z] <<< [apiv2][status] GET https://firestore.googleapis.com/v1/projects/aiden-15ce5/databases/(default)/collectionGroups/-/indexes 200
[debug] [2024-07-08T16:54:38.159Z] <<< [apiv2][body] GET https://firestore.googleapis.com/v1/projects/aiden-15ce5/databases/(default)/collectionGroups/-/indexes {}
[debug] [2024-07-08T16:54:38.226Z] <<< [apiv2][status] GET https://firestore.googleapis.com/v1/projects/aiden-15ce5/databases/(default)/collectionGroups/-/fields?filter=indexConfig.usesAncestorConfig=false OR ttlConfig:* 200
[debug] [2024-07-08T16:54:38.226Z] <<< [apiv2][body] GET https://firestore.googleapis.com/v1/projects/aiden-15ce5/databases/(default)/collectionGroups/-/fields?filter=indexConfig.usesAncestorConfig=false OR ttlConfig:* {"fields":[{"name":"projects/aiden-15ce5/databases/(default)/collectionGroups/__default__/fields/*","indexConfig":{"indexes":[{"queryScope":"COLLECTION","fields":[{"fieldPath":"*","order":"ASCENDING"}],"state":"READY"},{"queryScope":"COLLECTION","fields":[{"fieldPath":"*","order":"DESCENDING"}],"state":"READY"},{"queryScope":"COLLECTION","fields":[{"fieldPath":"*","arrayConfig":"CONTAINS"}],"state":"READY"}]}}]}
[info] 
=== Functions Setup
[debug] [2024-07-08T16:54:38.227Z] > command requires scopes: ["email","openid","https://www.googleapis.com/auth/cloudplatformprojects.readonly","https://www.googleapis.com/auth/firebase","https://www.googleapis.com/auth/cloud-platform"]
[debug] [2024-07-08T16:54:38.227Z] > authorizing via signed-in user (justin@mygraphicscode.com)
[debug] [2024-07-08T16:54:38.227Z] [iam] checking project aiden-15ce5 for permissions ["firebase.projects.get"]
[debug] [2024-07-08T16:54:38.227Z] >>> [apiv2][query] POST https://cloudresourcemanager.googleapis.com/v1/projects/aiden-15ce5:testIamPermissions [none]
[debug] [2024-07-08T16:54:38.228Z] >>> [apiv2][(partial)header] POST https://cloudresourcemanager.googleapis.com/v1/projects/aiden-15ce5:testIamPermissions x-goog-quota-user=projects/aiden-15ce5
[debug] [2024-07-08T16:54:38.228Z] >>> [apiv2][body] POST https://cloudresourcemanager.googleapis.com/v1/projects/aiden-15ce5:testIamPermissions {"permissions":["firebase.projects.get"]}
[debug] [2024-07-08T16:54:38.292Z] <<< [apiv2][status] POST https://cloudresourcemanager.googleapis.com/v1/projects/aiden-15ce5:testIamPermissions 200
[debug] [2024-07-08T16:54:38.292Z] <<< [apiv2][body] POST https://cloudresourcemanager.googleapis.com/v1/projects/aiden-15ce5:testIamPermissions {"permissions":["firebase.projects.get"]}
[debug] [2024-07-08T16:54:38.292Z] >>> [apiv2][query] GET https://serviceusage.googleapis.com/v1/projects/aiden-15ce5/services/cloudfunctions.googleapis.com [none]
[debug] [2024-07-08T16:54:38.293Z] >>> [apiv2][(partial)header] GET https://serviceusage.googleapis.com/v1/projects/aiden-15ce5/services/cloudfunctions.googleapis.com x-goog-quota-user=projects/aiden-15ce5
[debug] [2024-07-08T16:54:38.293Z] >>> [apiv2][query] GET https://serviceusage.googleapis.com/v1/projects/aiden-15ce5/services/runtimeconfig.googleapis.com [none]
[debug] [2024-07-08T16:54:38.293Z] >>> [apiv2][(partial)header] GET https://serviceusage.googleapis.com/v1/projects/aiden-15ce5/services/runtimeconfig.googleapis.com x-goog-quota-user=projects/aiden-15ce5
[debug] [2024-07-08T16:54:38.439Z] <<< [apiv2][status] GET https://serviceusage.googleapis.com/v1/projects/aiden-15ce5/services/cloudfunctions.googleapis.com 200
[debug] [2024-07-08T16:54:38.440Z] <<< [apiv2][body] GET https://serviceusage.googleapis.com/v1/projects/aiden-15ce5/services/cloudfunctions.googleapis.com [omitted]
[debug] [2024-07-08T16:54:38.566Z] <<< [apiv2][status] GET https://serviceusage.googleapis.com/v1/projects/aiden-15ce5/services/runtimeconfig.googleapis.com 200
[debug] [2024-07-08T16:54:38.566Z] <<< [apiv2][body] GET https://serviceusage.googleapis.com/v1/projects/aiden-15ce5/services/runtimeconfig.googleapis.com [omitted]
[info] Let's create a new codebase for your functions.
[info] A directory corresponding to the codebase will be created in your project
[info] with sample code pre-configured.

[info] See https://firebase.google.com/docs/functions/organize-functions for
[info] more information on organizing your functions using codebases.

[info] Functions can be deployed with firebase deploy.

[info] ✔  Wrote functions/package.json 
[info] ✔  Wrote functions/.eslintrc.js 
[info] ✔  Wrote functions/index.js 
[info] ✔  Wrote functions/.gitignore 
[info] 
=== Hosting Setup
[debug] [2024-07-08T16:54:50.729Z] >>> [apiv2][query] GET https://firebase.googleapis.com/v1beta1/projects/aiden-15ce5 [none]
[debug] [2024-07-08T16:54:50.890Z] <<< [apiv2][status] GET https://firebase.googleapis.com/v1beta1/projects/aiden-15ce5 200
[debug] [2024-07-08T16:54:50.890Z] <<< [apiv2][body] GET https://firebase.googleapis.com/v1beta1/projects/aiden-15ce5 {"projectId":"aiden-15ce5","projectNumber":"179611194323","displayName":"Aiden","name":"projects/aiden-15ce5","resources":{"hostingSite":"aiden-15ce5","realtimeDatabaseInstance":"aiden-15ce5-default-rtdb","storageBucket":"aiden-15ce5.appspot.com","locationId":"us-central"},"state":"ACTIVE","etag":"1_80935982-0781-4403-bf44-977b80c0e1ac"}
[info] 
[info] Your public directory is the folder (relative to your project directory) that
[info] will contain Hosting assets to be uploaded with firebase deploy. If you
[info] have a build process for your assets, use your build's output directory.
[info] 
[debug] [2024-07-08T16:55:00.591Z] >>> [apiv2][query] GET https://www.gstatic.com/firebasejs/releases.json [none]
[debug] [2024-07-08T16:55:00.681Z] <<< [apiv2][status] GET https://www.gstatic.com/firebasejs/releases.json 200
[debug] [2024-07-08T16:55:00.681Z] <<< [apiv2][body] GET https://www.gstatic.com/firebasejs/releases.json {"current":{"version":"10.12.3","browserURL":"https://www.gstatic.com/firebasejs/10.12.3/firebase.js","packageURL":"https://www.gstatic.com/firebasejs/10.12.3/firebase.tgz"},"live":{"version":"10.12","browserURL":"https://www.gstatic.com/firebasejs/live/10.12/firebase.js","packageURL":"https://www.gstatic.com/firebasejs/live/10.12/firebase.tgz"},"components":{"analytics":"https://www.gstatic.com/firebasejs/10.12.3/firebase-analytics.js","app":"https://www.gstatic.com/firebasejs/10.12.3/firebase-app.js","app-check":"https://www.gstatic.com/firebasejs/10.12.3/firebase-app-check.js","auth":"https://www.gstatic.com/firebasejs/10.12.3/firebase-auth.js","auth/cordova":"https://www.gstatic.com/firebasejs/10.12.3/firebase-auth/cordova.js","auth/web-extension":"https://www.gstatic.com/firebasejs/10.12.3/firebase-auth/web-extension.js","functions":"https://www.gstatic.com/firebasejs/10.12.3/firebase-functions.js","firestore":"https://www.gstatic.com/firebasejs/10.12.3/firebase-firestore.js","firestore/lite":"https://www.gstatic.com/firebasejs/10.12.3/firebase-firestore/lite.js","installations":"https://www.gstatic.com/firebasejs/10.12.3/firebase-installations.js","storage":"https://www.gstatic.com/firebasejs/10.12.3/firebase-storage.js","performance":"https://www.gstatic.com/firebasejs/10.12.3/firebase-performance.js","remote-config":"https://www.gstatic.com/firebasejs/10.12.3/firebase-remote-config.js","messaging":"https://www.gstatic.com/firebasejs/10.12.3/firebase-messaging.js","messaging/sw":"https://www.gstatic.com/firebasejs/10.12.3/firebase-messaging/sw.js","database":"https://www.gstatic.com/firebasejs/10.12.3/firebase-database.js","vertexai-preview":"https://www.gstatic.com/firebasejs/10.12.3/firebase-vertexai-preview.js","firestore.memory":"https://www.gstatic.com/firebasejs/10.12.3/firebase-firestore.memory.js"}}
[info] ✔  Wrote y/index.html 
[info] 
[info] i  Didn't detect a .git folder. Assuming /Users/justinrussell/Downloads/Nazox_Vue_v1.1.0 is the project root. 
[info] i  Authorizing with GitHub to upload your service account to a GitHub repository's secrets store. 
[info] 
[info] Visit this URL on this device to log in:
[info] https://github.com/login/oauth/authorize?client_id=89cf50f02ac6aaed3484&state=671507373&redirect_uri=http%3A%2F%2Flocalhost%3A9005&scope=read%3Auser%20repo%20public_repo
[info] 
[info] Waiting for authentication...
[debug] [2024-07-08T16:55:01.249Z] >>> [apiv2][query] POST https://github.com/login/oauth/access_token [none]
[debug] [2024-07-08T16:55:01.249Z] >>> [apiv2][body] POST https://github.com/login/oauth/access_token [stream]
[debug] [2024-07-08T16:55:01.489Z] <<< [apiv2][status] POST https://github.com/login/oauth/access_token 200
[debug] [2024-07-08T16:55:01.489Z] <<< [apiv2][body] POST https://github.com/login/oauth/access_token {"access_token":"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","token_type":"bearer","scope":"read:user,repo"}
[debug] [2024-07-08T16:55:01.495Z] >>> [apiv2][query] GET https://api.github.com/user [none]
[debug] [2024-07-08T16:55:01.750Z] <<< [apiv2][status] GET https://api.github.com/user 200
[debug] [2024-07-08T16:55:01.750Z] <<< [apiv2][body] GET https://api.github.com/user {"login":"Dadd1983","id":116040365,"node_id":"U_kgDOBuqirQ","avatar_url":"https://avatars.githubusercontent.com/u/116040365?v=4","gravatar_id":"","url":"https://api.github.com/users/Dadd1983","html_url":"https://github.com/Dadd1983","followers_url":"https://api.github.com/users/Dadd1983/followers","following_url":"https://api.github.com/users/Dadd1983/following{/other_user}","gists_url":"https://api.github.com/users/Dadd1983/gists{/gist_id}","starred_url":"https://api.github.com/users/Dadd1983/starred{/owner}{/repo}","subscriptions_url":"https://api.github.com/users/Dadd1983/subscriptions","organizations_url":"https://api.github.com/users/Dadd1983/orgs","repos_url":"https://api.github.com/users/Dadd1983/repos","events_url":"https://api.github.com/users/Dadd1983/events{/privacy}","received_events_url":"https://api.github.com/users/Dadd1983/received_events","type":"User","site_admin":false,"name":null,"company":null,"blog":"","location":null,"email":null,"hireable":null,"bio":null,"twitter_username":null,"public_repos":6,"public_gists":0,"followers":0,"following":0,"created_at":"2022-10-17T22:30:06Z","updated_at":"2024-07-08T13:24:22Z","private_gists":0,"total_private_repos":14,"owned_private_repos":14,"disk_usage":157809,"collaborators":0,"two_factor_authentication":false,"plan":{"name":"free","space":976562499,"collaborators":0,"private_repos":10000}}
[info] 
[info] ✔  Success! Logged into GitHub as Dadd1983 
[info] 
